La génération a démarré 02/01/2017 12:54:39.
     1>Projet "H:\ILOVEVAISSEAU_19_12\ILOVEVAISSEAU\ILOVEVAISSEAU.vcxproj" sur le nœud 2 (Build cible(s)).
     1>ClCompile:
         F:\Visual\VC\bin\CL.exe /c /ZI /nologo /W3 /WX- /sdl /Od /Oy- /D WIN32 /D _DEBUG /D _CONSOLE /D _LIB /D _UNICODE /D UNICODE /Gm /EHsc /RTC1 /MDd /GS /fp:precise /Zc:wchar_t /Zc:forScope /Fo"Debug\\" /Fd"Debug\vc120.pdb" /Gd /TP /analyze- /errorReport:prompt Federation.cpp Jeu.cpp Kestrel.cpp main.cpp vaisseau.cpp
         vaisseau.cpp
         main.cpp
         Kestrel.cpp
     1>h:\ilovevaisseau_19_12\ilovevaisseau\kestrel.cpp(11): warning C4244: 'argument' : conversion de 'time_t' en 'unsigned int', perte possible de données
         Jeu.cpp
     1>h:\ilovevaisseau_19_12\ilovevaisseau\jeu.cpp(35): warning C4244: 'argument' : conversion de 'time_t' en 'unsigned int', perte possible de données
         Federation.cpp
     1>h:\ilovevaisseau_19_12\ilovevaisseau\federation.cpp(11): warning C4244: 'argument' : conversion de 'time_t' en 'unsigned int', perte possible de données
         Génération de code en cours...
       Link:
         F:\Visual\VC\bin\link.exe /ERRORREPORT:PROMPT /OUT:"H:\ILOVEVAISSEAU_19_12\Debug\ILOVEVAISSEAU.exe" /INCREMENTAL /NOLOGO kernel32.lib user32.lib gdi32.lib winspool.lib comdlg32.lib advapi32.lib shell32.lib ole32.lib oleaut32.lib uuid.lib odbc32.lib odbccp32.lib /MANIFEST /MANIFESTUAC:"level='asInvoker' uiAccess='false'" /manifest:embed /DEBUG /PDB:"H:\ILOVEVAISSEAU_19_12\Debug\ILOVEVAISSEAU.pdb" /SUBSYSTEM:CONSOLE /TLBID:1 /DYNAMICBASE /NXCOMPAT /IMPLIB:"H:\ILOVEVAISSEAU_19_12\Debug\ILOVEVAISSEAU.lib" /MACHINE:X86 Debug\Federation.obj
         Debug\Jeu.obj
         Debug\Kestrel.obj
         Debug\main.obj
         Debug\vaisseau.obj
         ILOVEVAISSEAU.vcxproj -> H:\ILOVEVAISSEAU_19_12\Debug\ILOVEVAISSEAU.exe
     1>Génération du projet "H:\ILOVEVAISSEAU_19_12\ILOVEVAISSEAU\ILOVEVAISSEAU.vcxproj" terminée (Build cible(s)).

La génération a réussi.

Temps écoulé 00:00:29.59
